make all --print-data-base --no-builtin-variables --no-builtin-rules --question
# GNU Make 3.81
# Copyright (C) 2006  Free Software Foundation, Inc.
# This is free software; see the source for copying conditions.
# There is NO warranty; not even for MERCHANTABILITY or FITNESS FOR A
# PARTICULAR PURPOSE.

# This program built for i386-apple-darwin11.3.0
 

# Make data base, printed on Mon Aug 15 14:24:16 2022

# Variables

# automatic
<D = $(patsubst %/,%,$(dir $<))
# automatic
?F = $(notdir $?)
# environment
VSCODE_LOG_NATIVE = false
# automatic
?D = $(patsubst %/,%,$(dir $?))
# automatic
@D = $(patsubst %/,%,$(dir $@))
# automatic
@F = $(notdir $@)
# makefile
 
CURDIR := /Users/aaitoual/Desktop/push/parsing
# makefile
SHELL = /bin/sh
# environment
VSCODE_NLS_CONFIG = {"locale":"en-us","availableLanguages":{},"_languagePackSupport":true}
# environment
_ = /usr/bin/make
# makefile (from `Makefile', line 1)
MAKEFILE_LIST :=  Makefile
# makefile (from `Makefile', line 7)
SRCS = main.c parsing.c read_map.c parsing_utils.c parse_line.c parse_color.c map_checker.c map_checker_utils.c
# environment
VSCODE_VERBOSE_LOGGING = true
# makefile (from `Makefile', line 9)
OBJS = $(SRCS:.c=.o)
# environment
VSCODE_IPC_HOOK_EXTHOST = /var/folders/zz/zyxvpxvq6csfxvn_n000cd8r0033_6/T/vscode-ipc-69cae452-5e56-4f9d-8a22-9a7ab120e14c.sock
# environment
VSCODE_CWD = /
# environment
Apple_PubSub_Socket_Render = /private/tmp/com.apple.launchd.NJkRZLMaH2/Render
# environment
PATH = /Users/aaitoual/goinfre/homebrew/bin:/Users/aaitoual/goinfre/homebrew/bin:/Users/aaitoual/goinfre/homebrew/bin:/Users/aaitoual/goinfre/homebrew/bin:/Users/aaitoual/goinfre/homebrew/bin:/Users/aaitoual/goinfre/homebrew/bin:/Users/aaitoual/goinfre/homebrew/bin:/Users/aaitoual/goinfre/homebrew/bin:/goinfre/aaitoual/.brew/opt/readline/bin:/Users/aaitoual/goinfre/.brew/bin:/usr/local/bin:/usr/bin:/bin:/usr/sbin:/sbin:/usr/local/munki:/Users/aaitoual/.fig/bin
# environment
LSCOLORS = Gxfxcxdxbxegedabagacad
# environment
VSCODE_LOG_STACK = false
# environment
ELECTRON_RUN_AS_NODE = 1
# default
.FEATURES := target-specific order-only second-expansion else-if archives jobserver check-symlink
# environment
SSH_AUTH_SOCK = /private/tmp/com.apple.launchd.QfFkic1niR/Listeners
# automatic
%F = $(notdir $%)
# environment
HOMEBREW_TEMP = /tmp/aaitoual/Homebrew/Temp
# environment
VSCODE_PIPE_LOGGING = true
# environment
PWD = /Users/aaitoual/Desktop/push/parsing
# environment
ORIGINAL_XDG_CURRENT_DESKTOP = undefined
# environment
VSCODE_AMD_ENTRYPOINT = vs/workbench/api/node/extensionHostProcess
# environment
HOME = /Users/aaitoual
# default
MAKEFILEPATH = $(shell /usr/bin/xcode-select -print-path 2>/dev/null || echo /Developer)/Makefiles
# environment
VSCODE_CODE_CACHE_PATH = /Users/aaitoual/Library/Application Support/Code/CachedData/57fd6d0195bb9b9d1b49f6da5db789060795de47
# environment
LOGNAME = aaitoual
# environment
APPLICATION_INSIGHTS_NO_DIAGNOSTIC_CHANNEL = 1
# environment
ZSH = /Users/aaitoual/.oh-my-zsh
# environment
VSCODE_HANDLES_UNCAUGHT_ERRORS = true
# automatic
^D = $(patsubst %/,%,$(dir $^))
# environment
XPC_FLAGS = 0x0
# default
MAKE = $(MAKE_COMMAND)
# default
MAKECMDGOALS := all
# environment
HOMEBREW_CACHE = /tmp/aaitoual/Homebrew/Caches
# environment
SHLVL = 1
# makefile (from `Makefile', line 3)
LIBFT = ./libft/libft.a
# default
MAKE_VERSION := 3.81
# environment
USER = aaitoual
# makefile
.DEFAULT_GOAL := all
# makefile (from `Makefile', line 1)
NAME = parsing
# environment
LESS = -R
# automatic
%D = $(patsubst %/,%,$(dir $%))
# default
MAKE_COMMAND := /Library/Developer/CommandLineTools/usr/bin/make
# default
.VARIABLES := 
# environment
TMPDIR = /var/folders/zz/zyxvpxvq6csfxvn_n000cd8r0033_6/T/
# automatic
*F = $(notdir $*)
# environment
VSCODE_IPC_HOOK = /Users/aaitoual/Library/Application Support/Code/1.67.0-main.sock
# makefile
MAKEFLAGS = Rrqp
# environment
MFLAGS = -Rrqp
# automatic
*D = $(patsubst %/,%,$(dir $*))
# environment
XPC_SERVICE_NAME = com.apple.xpc.launchd.oneshot.0x10000001.Electron
# automatic
+D = $(patsubst %/,%,$(dir $+))
# automatic
+F = $(notdir $+)
# environment
__CF_USER_TEXT_ENCODING = 0x18D46:0x0:0x0
# environment
COMMAND_MODE = unix2003
# default
MAKEFILES := 
# environment
HOMEBREW_NO_AUTO_UPDATE = 1
# automatic
<F = $(notdir $<)
# environment
PAGER = less
# environment
LC_ALL = C
# makefile (from `Makefile', line 11)
HEADER = parsing.h
# environment
SECURITYSESSIONID = 186a8
# automatic
^F = $(notdir $^)
# default
SUFFIXES := 
# makefile (from `Makefile', line 5)
FLAGS = -Wall -Wextra -Werror
# default
.INCLUDE_DIRS = /usr/local/include
# environment
MAKELEVEL := 0
# environment
LANG = C
# environment
VSCODE_PID = 62283
# variable set hash-table stats:
# Load=76/1024=7%, Rehash=0, Collisions=5/107=5%

# Pattern-specific Variable Values

# No pattern-specific variable values.

# Directories

# . (device 16777227, inode 5392611): 24 files, no impossibilities.

# 24 files, no impossibilities in 1 directories.

# Implicit Rules

%.o: %.c parsing.h
#  commands to execute (from `Makefile', line 22):
	gcc $(FLAGS) -c $<
	

# 1 implicit rules, 0 (0.0%) terminal.

# Files

# Not a target:
map_checker.c:
#  Implicit rule search has been done.
#  Last modified 2022-07-31 14:27:50
#  File has been updated.
#  Successfully updated.
# variable set hash-table stats:
# Load=0/32=0%, Rehash=0, Collisions=0/0=0%

# Not a target:
read_map.c:
#  Implicit rule search has been done.
#  Last modified 2022-07-31 14:27:50
#  File has been updated.
#  Successfully updated.
# variable set hash-table stats:
# Load=0/32=0%, Rehash=0, Collisions=0/0=0%

c: all clean
#  Implicit rule search has not been done.
#  Modification time never checked.
#  File has not been updated.
#  commands to execute (from `Makefile', line 35):
	./parsing test.cub
	

all: parsing
#  Command-line target.
#  Implicit rule search has been done.
#  File does not exist.
#  File has been updated.
#  Successfully updated.
# variable set hash-table stats:
# Load=0/32=0%, Rehash=0, Collisions=0/0=0%

# Not a target:
main.c:
#  Implicit rule search has been done.
#  Last modified 2022-07-31 14:27:50
#  File has been updated.
#  Successfully updated.
# variable set hash-table stats:
# Load=0/32=0%, Rehash=0, Collisions=0/0=0%

# Not a target:
parsing.c:
#  Implicit rule search has been done.
#  Last modified 2022-07-31 14:27:50
#  File has been updated.
#  Successfully updated.
# variable set hash-table stats:
# Load=0/32=0%, Rehash=0, Collisions=0/0=0%

# Not a target:
.SUFFIXES:
#  Implicit rule search has not been done.
#  Modification time never checked.
#  File has not been updated.

# Not a target:
Makefile:
#  Implicit rule search has been done.
#  Last modified 2022-07-31 14:27:50
#  File has been updated.
#  Successfully updated.
# variable set hash-table stats:
# Load=0/32=0%, Rehash=0, Collisions=0/0=0%

map_checker_utils.o: map_checker_utils.c parsing.h
#  Implicit rule search has been done.
#  Implicit/static pattern stem: `map_checker_utils'
#  Last modified 2022-08-01 14:15:49
#  File has been updated.
#  Successfully updated.
# variable set hash-table stats:
# Load=0/32=0%, Rehash=0, Collisions=0/0=0%
#  commands to execute (from `Makefile', line 22):
	gcc $(FLAGS) -c $<
	

# Not a target:
parsing.h:
#  Implicit rule search has been done.
#  Last modified 2022-07-31 14:27:50
#  File has been updated.
#  Successfully updated.
# variable set hash-table stats:
# Load=0/32=0%, Rehash=0, Collisions=0/0=0%

parse_color.o: parse_color.c parsing.h
#  Implicit rule search has been done.
#  Implicit/static pattern stem: `parse_color'
#  Last modified 2022-08-01 14:15:49
#  File has been updated.
#  Successfully updated.
# variable set hash-table stats:
# Load=0/32=0%, Rehash=0, Collisions=0/0=0%
#  commands to execute (from `Makefile', line 22):
	gcc $(FLAGS) -c $<
	

libft/libft.a:
#  Implicit rule search has not been done.
#  Last modified 2022-08-01 14:15:50
#  File has been updated.
#  Successfully updated.
#  commands to execute (from `Makefile', line 19):
	@$(MAKE) -C ./libft
	

fclean: clean
#  Implicit rule search has not been done.
#  Modification time never checked.
#  File has not been updated.
#  commands to execute (from `Makefile', line 29):
	@rm -f $(NAME)
	@rm -f $(LIBFT)
	

parsing_utils.o: parsing_utils.c parsing.h
#  Implicit rule search has been done.
#  Implicit/static pattern stem: `parsing_utils'
#  Last modified 2022-08-01 14:15:49
#  File has been updated.
#  Successfully updated.
# variable set hash-table stats:
# Load=0/32=0%, Rehash=0, Collisions=0/0=0%
#  commands to execute (from `Makefile', line 22):
	gcc $(FLAGS) -c $<
	

# Not a target:
.DEFAULT:
#  Implicit rule search has not been done.
#  Modification time never checked.
#  File has not been updated.

parse_line.o: parse_line.c parsing.h
 
#  Implicit rule search has been done.
#  Implicit/static pattern stem: `parse_line'
#  Last modified 2022-08-01 14:15:49
#  File has been updated.
#  Successfully updated.
# variable set hash-table stats:
# Load=0/32=0%, Rehash=0, Collisions=0/0=0%
#  commands to execute (from `Makefile', line 22):
	gcc $(FLAGS) -c $<
	

re: fclean all
#  Implicit rule search has not been done.
#  Modification time never checked.
#  File has not been updated.

# Not a target:
map_checker_utils.c:
#  Implicit rule search has been done.
#  Last modified 2022-07-31 14:27:50
#  File has been updated.
#  Successfully updated.
# variable set hash-table stats:
# Load=0/32=0%, Rehash=0, Collisions=0/0=0%

clean:
#  Implicit rule search has not been done.
#  Modification time never checked.
#  File has not been updated.
#  commands to execute (from `Makefile', line 25):
	@rm -f $(OBJS)
	@make clean -C ./libft
	

map_checker.o: map_checker.c parsing.h
#  Implicit rule search has been done.
#  Implicit/static pattern stem: `map_checker'
#  Last modified 2022-08-01 14:15:49
#  File has been updated.
#  Successfully updated.
# variable set hash-table stats:
# Load=0/32=0%, Rehash=0, Collisions=0/0=0%
#  commands to execute (from `Makefile', line 22):
	gcc $(FLAGS) -c $<
	

read_map.o: read_map.c parsing.h
#  Implicit rule search has been done.
#  Implicit/static pattern stem: `read_map'
#  Last modified 2022-08-01 14:15:49
#  File has been updated.
#  Successfully updated.
# variable set hash-table stats:
# Load=0/32=0%, Rehash=0, Collisions=0/0=0%
#  commands to execute (from `Makefile', line 22):
	gcc $(FLAGS) -c $<
	

# Not a target:
parse_color.c:
#  Implicit rule search has been done.
#  Last modified 2022-07-31 14:27:50
#  File has been updated.
#  Successfully updated.
# variable set hash-table stats:
# Load=0/32=0%, Rehash=0, Collisions=0/0=0%

main.o: main.c parsing.h
#  Implicit rule search has been done.
#  Implicit/static pattern stem: `main'
#  Last modified 2022-08-01 14:15:49
#  File has been updated.
#  Successfully updated.
# variable set hash-table stats:
# Load=0/32=0%, Rehash=0, Collisions=0/0=0%
#  commands to execute (from `Makefile', line 22):
	gcc $(FLAGS) -c $<
	

# Not a target:
parsing_utils.c:
#  Implicit rule search has been done.
#  Last modified 2022-07-31 14:27:50
#  File has been updated.
#  Successfully updated.
# variable set hash-table stats:
# Load=0/32=0%, Rehash=0, Collisions=0/0=0%

parsing: main.o parsing.o read_map.o parsing_utils.o parse_line.o parse_color.o map_checker.o map_checker_utils.o libft/libft.a
#  Implicit rule search has not been done.
#  Last modified 2022-08-01 14:15:50
#  File has been updated.
#  Successfully updated.
# variable set hash-table stats:
# Load=0/32=0%, Rehash=0, Collisions=0/0=0%
#  commands to execute (from `Makefile', line 16):
	gcc $(FLAGS) $(OBJS) -lft -Llibft -o $(NAME)
	

parsing.o: parsing.c parsing.h
#  Implicit rule search has been done.
#  Implicit/static pattern stem: `parsing'
#  Last modified 2022-08-01 14:15:49
#  File has been updated.
#  Successfully updated.
# variable set hash-table stats:
# Load=0/32=0%, Rehash=0, Collisions=0/0=0%
#  commands to execute (from `Makefile', line 22):
	gcc $(FLAGS) -c $<
	

# Not a target:
parse_line.c:
#  Implicit rule search has been done.
#  Last modified 2022-07-31 14:27:50
#  File has been updated.
#  Successfully updated.
# variable set hash-table stats:
# Load=0/32=0%, Rehash=0, Collisions=0/0=0%

# files hash-table stats:
# Load=27/1024=3%, Rehash=0, Collisions=0/95=0%
# VPATH Search Paths

# No `vpath' search paths.

# No general (`VPATH' variable) search path.

# # of strings in strcache: 1
# # of strcache buffers: 1
# strcache size: total = 4096 / max = 4096 / min = 4096 / avg = 4096
# strcache free: total = 4087 / max = 4087 / min = 4087 / avg = 4087

# Finished Make data base on Mon Aug 15 14:24:16 2022

 
